Log file open, 11/18/17 13:31:20
LogWindows: Failed to load 'aqProf.dll' (GetLastError=126)
LogWindows: File 'aqProf.dll' does not exist
LogWindows: Failed to load 'VSPerf140.dll' (GetLastError=126)
LogWindows: File 'VSPerf140.dll' does not exist
LogWindows: Failed to load 'VtuneApi.dll' (GetLastError=126)
LogWindows: File 'VtuneApi.dll' does not exist
LogWindows: Failed to load 'VtuneApi32e.dll' (GetLastError=126)
LogWindows: File 'VtuneApi32e.dll' does not exist
LogInit: Display: Running engine for game: vegetation_pack
LogPlatformFile: Not using cached read wrapper
LogInit: Display: RandInit(-538812697) SRandInit(-538812697).
LogTaskGraph: Started task graph with 5 named threads and 14 total threads with 3 sets of task threads.
LogStats: Stats thread started at 0.166986
LogD3D11RHI: Aftermath initialized
LogPluginManager: Mounting plugin Paper2D
LogPluginManager: Mounting plugin LightPropagationVolume
LogPluginManager: Mounting plugin CodeLiteSourceCodeAccess
LogPluginManager: Mounting plugin GitSourceControl
LogPluginManager: Mounting plugin KDevelopSourceCodeAccess
LogPluginManager: Mounting plugin NullSourceCodeAccess
LogPluginManager: Mounting plugin PerforceSourceControl
LogPluginManager: Mounting plugin SubversionSourceControl
LogPluginManager: Mounting plugin UObjectPlugin
LogPluginManager: Mounting plugin VisualStudioSourceCodeAccess
LogPluginManager: Mounting plugin XCodeSourceCodeAccess
LogPluginManager: Mounting plugin AssetManagerEditor
LogPluginManager: Mounting plugin AudioCapture
LogPluginManager: Mounting plugin FacialAnimation
LogPluginManager: Mounting plugin GameplayTagsEditor
LogPluginManager: Mounting plugin MobileLauncherProfileWizard
LogPluginManager: Mounting plugin PluginBrowser
LogPluginManager: Mounting plugin SpeedTreeImporter
LogPluginManager: Mounting plugin AlembicImporter
LogPluginManager: Mounting plugin CharacterAI
LogPluginManager: Mounting plugin HTML5Networking
LogPluginManager: Mounting plugin AndroidMedia
LogPluginManager: Mounting plugin AvfMedia
LogPluginManager: Mounting plugin MediaPlayerEditor
LogPluginManager: Mounting plugin WmfMedia
LogPluginManager: Mounting plugin TcpMessaging
LogPluginManager: Mounting plugin UdpMessaging
LogPluginManager: Mounting plugin LevelSequenceEditor
LogPluginManager: Mounting plugin MatineeToLevelSequence
LogPluginManager: Mounting plugin OnlineSubsystemGooglePlay
LogPluginManager: Mounting plugin OnlineSubsystemIOS
LogPluginManager: Mounting plugin OnlineSubsystem
LogPluginManager: Mounting plugin OnlineSubsystemNull
LogPluginManager: Mounting plugin OnlineSubsystemUtils
LogPluginManager: Mounting plugin AndroidDeviceProfileSelector
LogPluginManager: Mounting plugin AndroidMoviePlayer
LogPluginManager: Mounting plugin AndroidPermission
LogPluginManager: Mounting plugin AppleMoviePlayer
LogPluginManager: Mounting plugin ArchVisCharacter
LogPluginManager: Mounting plugin CableComponent
LogPluginManager: Mounting plugin CustomMeshComponent
LogPluginManager: Mounting plugin ExampleDeviceProfileSelector
LogPluginManager: Mounting plugin GoogleCloudMessaging
LogPluginManager: Mounting plugin ImmediatePhysics
LogPluginManager: Mounting plugin IOSDeviceProfileSelector
LogPluginManager: Mounting plugin LinuxDeviceProfileSelector
LogPluginManager: Mounting plugin LocationServicesBPLibrary
LogPluginManager: Mounting plugin MobilePatchingUtils
LogPluginManager: Mounting plugin OculusVR
LogPluginManager: Mounting plugin PhysXVehicles
LogPluginManager: Mounting plugin ProceduralMeshComponent
LogPluginManager: Mounting plugin RuntimePhysXCooking
LogPluginManager: Mounting plugin SteamVR
LogPluginManager: Mounting plugin WindowsMoviePlayer
LogInit: Using libcurl 7.47.1
LogInit:  - built for x86_64-pc-win32
LogInit:  - supports SSL with OpenSSL/1.0.2g
LogInit:  - supports HTTP deflate (compression) using libz 1.2.8
LogInit:  - other features:
LogInit:      CURL_VERSION_SSL
LogInit:      CURL_VERSION_LIBZ
LogInit:      CURL_VERSION_IPV6
LogInit:      CURL_VERSION_ASYNCHDNS
LogInit:      CURL_VERSION_LARGEFILE
LogInit:      CURL_VERSION_IDN
LogInit:  CurlRequestOptions (configurable via config and command line):
LogInit:  - bVerifyPeer = false  - Libcurl will NOT verify peer certificate
LogInit:  - bUseHttpProxy = false  - Libcurl will NOT use HTTP proxy
LogInit:  - bDontReuseConnections = false  - Libcurl will reuse connections
LogInit:  - CertBundlePath = nullptr  - Libcurl will use whatever was configured at build time.
LogInit: Build: ++UE4+Release-4.17-CL-3658906
LogInit: Engine Version: 4.17.2-3658906+++UE4+Release-4.17
LogInit: Compatible Engine Version: 4.17.0-3573198+++UE4+Release-4.17
LogInit: Net CL: 3573198
LogDevObjectVersion: Number of dev versions registered: 16
LogDevObjectVersion:   Dev-Blueprints (B0D832E4-1F89-4F0D-ACCF-7EB736FD4AA2): 10
LogDevObjectVersion:   Dev-Build (E1C64328-A22C-4D53-A36C-8E866417BD8C): 0
LogDevObjectVersion:   Dev-Core (375EC13C-06E4-48FB-B500-84F0262A717E): 2
LogDevObjectVersion:   Dev-Editor (E4B068ED-F494-42E9-A231-DA0B2E46BB41): 20
LogDevObjectVersion:   Dev-Framework (CFFC743F-43B0-4480-9391-14DF171D2073): 28
LogDevObjectVersion:   Dev-Mobile (B02B49B5-BB20-44E9-A304-32B752E40360): 0
LogDevObjectVersion:   Dev-Networking (A4E4105C-59A1-49B5-A7C5-40C4547EDFEE): 0
LogDevObjectVersion:   Dev-Online (39C831C9-5AE6-47DC-9A44-9C173E1C8E7C): 0
LogDevObjectVersion:   Dev-Physics (78F01B33-EBEA-4F98-B9B4-84EACCB95AA2): 0
LogDevObjectVersion:   Dev-Platform (6631380F-2D4D-43E0-8009-CF276956A95A): 0
LogDevObjectVersion:   Dev-Rendering (12F88B9F-8875-4AFC-A67C-D90C383ABD29): 19
LogDevObjectVersion:   Dev-Sequencer (7B5AE74C-D270-4C10-A958-57980B212A5A): 4
LogDevObjectVersion:   Dev-VR (D7296918-1DD6-4BDD-9DE2-64A83CC13884): 0
LogDevObjectVersion:   Dev-LoadTimes (C2A15278-BFE7-4AFE-6C17-90FF531DF755): 1
LogDevObjectVersion:   Private-Geometry (6EACA3D4-40EC-4CC1-B786-8BED09428FC5): 1
LogDevObjectVersion:   Dev-AnimPhys (29E575DD-E0A3-4627-9D10-D276232CDCEA): 7
LogInit: Compiled (64-bit): Sep 22 2017 13:47:16
LogInit: Compiled with Visual C++: 19.00.24215.01
LogInit: Build Configuration: Development
LogInit: Branch Name: ++UE4+Release-4.17
LogInit: Command line:  
LogInit: Base directory: C:/Program Files/Epic Games/UE_4.17/Engine/Binaries/Win64/
LogInit: Installed Engine Build: 1
LogInit: Presizing for max 8388607 objects, including 0 objects not considered by GC, pre-allocating 0 bytes for permanent pool.
LogInit: Object subsystem initialized
[2017.11.18-21.31.21:168][  0]LogInit: Selected Device Profile: [Windows]
[2017.11.18-21.31.21:168][  0]LogInit: Applying CVar settings loaded from the selected device profile: [Windows]
[2017.11.18-21.31.21:180][  0]LogInit: Computer: UNPORTABLEV
[2017.11.18-21.31.21:180][  0]LogInit: User: ElliotHawkins
[2017.11.18-21.31.21:180][  0]LogInit: CPU Page size=4096, Cores=4
[2017.11.18-21.31.21:180][  0]LogInit: High frequency timer resolution =2.742187 MHz
[2017.11.18-21.31.21:180][  0]LogMemory: Memory total: Physical=16.0GB (16GB approx)
[2017.11.18-21.31.21:180][  0]LogMemory: Platform Memory Stats for Windows
[2017.11.18-21.31.21:180][  0]LogMemory: Process Physical Memory: 283.47 MB used, 283.47 MB peak
[2017.11.18-21.31.21:180][  0]LogMemory: Process Virtual Memory: 277.59 MB used, 277.59 MB peak
[2017.11.18-21.31.21:180][  0]LogMemory: Physical Memory: 8689.09 MB used,  7652.32 MB free, 16341.40 MB total
[2017.11.18-21.31.21:180][  0]LogMemory: Virtual Memory: 702.07 MB used,  7652.32 MB free, 134217728.00 MB total
[2017.11.18-21.31.21:517][  0]LogInit: Using OS detected language (en-US).
[2017.11.18-21.31.21:517][  0]LogInit: Using OS detected locale (en-US).
[2017.11.18-21.31.21:520][  0]LogTextLocalizationManager: No specific localization for 'en-US' exists, so the 'en' localization will be used.
[2017.11.18-21.31.22:210][  0]LogD3D11RHI: D3D11 adapters:
[2017.11.18-21.31.22:248][  0]LogD3D11RHI:    0. 'NVIDIA GeForce GTX 1070' (Feature Level 11_0)
[2017.11.18-21.31.22:248][  0]LogD3D11RHI:       8113/0/8170 MB DedicatedVideo/DedicatedSystem/SharedSystem, Outputs:1, VendorId:0x10de
[2017.11.18-21.31.22:249][  0]LogD3D11RHI:    1. 'Microsoft Basic Render Driver' (Feature Level 11_0)
[2017.11.18-21.31.22:249][  0]LogD3D11RHI:       0/0/8170 MB DedicatedVideo/DedicatedSystem/SharedSystem, Outputs:0, VendorId:0x1414
[2017.11.18-21.31.22:249][  0]LogD3D11RHI: Chosen D3D11 Adapter: 0
[2017.11.18-21.31.22:255][  0]LogD3D11RHI: Creating new Direct3DDevice
[2017.11.18-21.31.22:255][  0]LogD3D11RHI:     GPU DeviceId: 0x1be1 (for the marketing name, search the web for "GPU Device Id")
[2017.11.18-21.31.22:255][  0]LogWindows: EnumDisplayDevices:
[2017.11.18-21.31.22:255][  0]LogWindows:    0. 'NVIDIA GeForce GTX 1070' (P:1 D:1)
[2017.11.18-21.31.22:255][  0]LogWindows:    1. 'NVIDIA GeForce GTX 1070' (P:0 D:0)
[2017.11.18-21.31.22:255][  0]LogWindows:    2. 'NVIDIA GeForce GTX 1070' (P:0 D:0)
[2017.11.18-21.31.22:255][  0]LogWindows:    3. 'NVIDIA GeForce GTX 1070' (P:0 D:0)
[2017.11.18-21.31.22:255][  0]LogWindows: DebugString: FoundDriverCount:4 
[2017.11.18-21.31.22:255][  0]LogD3D11RHI:     Adapter Name: NVIDIA GeForce GTX 1070
[2017.11.18-21.31.22:255][  0]LogD3D11RHI:   Driver Version: 382.05 (internal:22.21.13.8205, unified:382.05)
[2017.11.18-21.31.22:255][  0]LogD3D11RHI:      Driver Date: 5-1-2017
[2017.11.18-21.31.22:255][  0]LogRHI: Texture pool is 1361 MB (70% of 1945 MB)
[2017.11.18-21.31.22:283][  0]LogD3D11RHI: Async texture creation enabled
[2017.11.18-21.31.22:299][  0]LogD3D11RHI: GPU Timing Frequency: 1000.000000 (Debug: 2 2)
[2017.11.18-21.31.22:345][  0]LogShaderCompilers: Guid format shader working directory is -50 characters bigger than the processId version (../../../../../../Users/Elliot Hawkins/Documents/Unreal Projects/TrafficSim/artsrc/models/vegetation_pack/Intermediate/Shaders/WorkingDirectory/3624/).
[2017.11.18-21.31.22:346][  0]LogShaderCompilers: Cleaned the shader compiler working directory 'C:/Users/Elliot Hawkins/AppData/Local/Temp/UnrealShaderWorkingDir/929742B9433FCD04D63E85A8593970E9/'.
[2017.11.18-21.31.22:346][  0]LogShaderCompilers: Display: Using Local Shader Compiler.
[2017.11.18-21.31.23:319][  0]LogTemp: Display: Loaded TP AllDesktopTargetPlatform
[2017.11.18-21.31.23:370][  0]LogTemp: Display: Loaded TP MacClientTargetPlatform
[2017.11.18-21.31.23:418][  0]LogTemp: Display: Loaded TP MacNoEditorTargetPlatform
[2017.11.18-21.31.23:475][  0]LogTemp: Display: Loaded TP MacServerTargetPlatform
[2017.11.18-21.31.23:531][  0]LogTemp: Display: Loaded TP MacTargetPlatform
[2017.11.18-21.31.23:588][  0]LogTemp: Display: Loaded TP WindowsClientTargetPlatform
[2017.11.18-21.31.23:643][  0]LogTemp: Display: Loaded TP WindowsNoEditorTargetPlatform
[2017.11.18-21.31.23:695][  0]LogTemp: Display: Loaded TP WindowsServerTargetPlatform
[2017.11.18-21.31.23:739][  0]LogTemp: Display: Loaded TP WindowsTargetPlatform
[2017.11.18-21.31.23:788][  0]LogTemp: Display: Loaded TP AndroidTargetPlatform
[2017.11.18-21.31.23:842][  0]LogTemp: Display: Loaded TP Android_ASTCTargetPlatform
[2017.11.18-21.31.23:900][  0]LogTemp: Display: Loaded TP Android_ATCTargetPlatform
[2017.11.18-21.31.23:948][  0]LogTemp: Display: Loaded TP Android_DXTTargetPlatform
[2017.11.18-21.31.23:998][  0]LogTemp: Display: Loaded TP Android_ETC1TargetPlatform
[2017.11.18-21.31.24:050][  0]LogTemp: Display: Loaded TP Android_ETC2TargetPlatform
[2017.11.18-21.31.24:148][  0]LogTemp: Display: Loaded TP Android_MultiTargetPlatform
[2017.11.18-21.31.24:148][  0]LogTemp: Display: Loaded TP Android_PVRTCTargetPlatform
[2017.11.18-21.31.24:190][  0]LogTemp: Display: Loaded TP HTML5TargetPlatform
[2017.11.18-21.31.24:301][  0]LogTemp: Display: Loaded TP IOSTargetPlatform
[2017.11.18-21.31.24:330][  0]LogTemp: Display: Loaded TP TVOSTargetPlatform
[2017.11.18-21.31.24:378][  0]LogTemp: Display: Loaded TP LinuxClientTargetPlatform
[2017.11.18-21.31.24:425][  0]LogTemp: Display: Loaded TP LinuxNoEditorTargetPlatform
[2017.11.18-21.31.24:475][  0]LogTemp: Display: Loaded TP LinuxServerTargetPlatform
[2017.11.18-21.31.24:533][  0]LogTemp: Display: Loaded TP LinuxTargetPlatform
[2017.11.18-21.31.24:533][  0]LogTargetPlatformManager: Display: Building Assets For Windows
[2017.11.18-21.31.25:017][  0]LogDerivedDataCache: Display: Max Cache Size: 512 MB
[2017.11.18-21.31.25:126][  0]LogDerivedDataCache: Loaded boot cache 0.11s 105MB C:/Users/Elliot Hawkins/AppData/Local/UnrealEngine/4.17/DerivedDataCache/Boot.ddc.
[2017.11.18-21.31.25:126][  0]LogDerivedDataCache: Display: Loaded Boot cache: C:/Users/Elliot Hawkins/AppData/Local/UnrealEngine/4.17/DerivedDataCache/Boot.ddc
[2017.11.18-21.31.25:126][  0]LogDerivedDataCache: FDerivedDataBackendGraph:  Pak pak cache file ../../../../../../Users/Elliot Hawkins/Documents/Unreal Projects/TrafficSim/artsrc/models/vegetation_pack/DerivedDataCache/DDC.ddp not found, will not use a pak cache.
[2017.11.18-21.31.25:126][  0]LogDerivedDataCache: Unable to find inner node Pak for hierarchical cache Hierarchy.
[2017.11.18-21.31.25:126][  0]LogDerivedDataCache: FDerivedDataBackendGraph:  CompressedPak pak cache file ../../../../../../Users/Elliot Hawkins/Documents/Unreal Projects/TrafficSim/artsrc/models/vegetation_pack/DerivedDataCache/Compressed.ddp not found, will not use a pak cache.
[2017.11.18-21.31.25:126][  0]LogDerivedDataCache: Unable to find inner node CompressedPak for hierarchical cache Hierarchy.
[2017.11.18-21.31.25:147][  0]LogDerivedDataCache: Display: Pak cache opened for reading ../../../Engine/DerivedDataCache/Compressed.ddp.
[2017.11.18-21.31.25:159][  0]LogDerivedDataCache: Using Local data cache path C:/Users/Elliot Hawkins/AppData/Local/UnrealEngine/Common/DerivedDataCache: Writable
[2017.11.18-21.31.25:169][  0]LogMaterial: Verifying Global Shaders for PCD3D_SM5
[2017.11.18-21.31.25:169][  0]LogSlate: Using Freetype 2.6.0
[2017.11.18-21.31.25:170][  0]LogSlate: SlateFontCache - WITH_FREETYPE: 1, WITH_HARFBUZZ: 1
[2017.11.18-21.31.25:170][  0]LogSlate: SlateFontCache - WITH_FREETYPE: 1, WITH_HARFBUZZ: 1
[2017.11.18-21.31.25:438][  0]LogAssetRegistry: FAssetRegistry took 0.0257 seconds to start up
[2017.11.18-21.31.25:564][  0]LogInit: Selected Device Profile: [Windows]
[2017.11.18-21.31.25:742][  0]LogContentStreaming: Texture pool size is 0.00 MB
[2017.11.18-21.31.26:063][  0]LogSimplygon: Simplygon DLL not present - disabling.
[2017.11.18-21.31.26:104][  0]LogMeshReduction: Using SimplygonSwarm for distributed automatic mesh merging
[2017.11.18-21.31.26:104][  0]LogMeshReduction: Using QuadricMeshReduction for automatic static mesh reduction
[2017.11.18-21.31.26:104][  0]LogMeshReduction: No automatic skeletal mesh reduction module available
[2017.11.18-21.31.26:104][  0]LogMeshReduction: No automatic mesh merging module available
[2017.11.18-21.31.26:104][  0]LogMeshMerging: No automatic mesh merging module available
[2017.11.18-21.31.26:399][  0]LogEnum: Warning: In asset 'None', there is an enum property of type 'EViewModeIndex' with an invalid value of '3'
[2017.11.18-21.31.26:536][  0]LogNetVersion: vegetation_pack , NetCL: 3573198, EngineNetVer: 2, GameNetVer: 0 (Checksum: 3567500699)
[2017.11.18-21.31.26:779][  0]LogPackageLocalizationCache: Processed 5 localized package path(s) for 2 prioritized culture(s) in 0.058770 seconds
[2017.11.18-21.31.26:785][  0]LogUObjectArray: 35825 objects as part of root set at end of initial load.
[2017.11.18-21.31.26:785][  0]LogUObjectAllocator: 7529104 out of 0 bytes used by permanent object pool.
[2017.11.18-21.31.26:785][  0]LogUObjectArray: CloseDisregardForGC: 0/0 objects in disregard for GC pool
[2017.11.18-21.31.26:848][  0]LogInit: WinSock: version 1.1 (2.2), MaxSocks=32767, MaxUdp=65467
[2017.11.18-21.31.29:557][  0]LogTcpMessaging: Initializing TcpMessaging bridge
[2017.11.18-21.31.29:593][  0]LogUdpMessaging: Initializing bridge on interface 0.0.0.0:0 to multicast group 230.0.0.1:6666.
[2017.11.18-21.31.30:231][  0]LogMaterial: Uniform references updated for custom material expression Custom.
[2017.11.18-21.31.30:655][  0]SourceControl: Source control is disabled
[2017.11.18-21.31.30:655][  0]SourceControl: Source control is disabled
[2017.11.18-21.31.30:700][  0]SourceControl: Source control is disabled
[2017.11.18-21.31.30:748][  0]SourceControl: Source control is disabled
[2017.11.18-21.31.31:337][  0]LogAndroidPermission: UAndroidPermissionCallbackProxy::GetInstance
[2017.11.18-21.31.31:590][  0]LogOcInput: OculusInput pre-init called
[2017.11.18-21.31.31:860][  0]LogEngine: Initializing Engine...
[2017.11.18-21.31.31:861][  0]LogHMD: Oculus plugin initialized. Version: 4.17.2-3658906+++UE4+Release-4.17, OVRPlugin: 1.15.0
[2017.11.18-21.31.32:097][  0]LogStats: UGameplayTagsManager::ConstructGameplayTagTree: Construct from data asset -  0.000 s
[2017.11.18-21.31.32:097][  0]LogStats: UGameplayTagsManager::ConstructGameplayTagTree: GameplayTagTreeChangedEvent.Broadcast -  0.000 s
[2017.11.18-21.31.32:239][  0]LogAIModule: Creating AISystem for world Untitled
[2017.11.18-21.31.32:280][  0]LogInit: XAudio2 using 'Speakers (Realtek High Definition Audio)' : 6 channels at 48 kHz using 32 bits per sample (channel mask 0x3f)
[2017.11.18-21.31.32:339][  0]LogInit: FAudioDevice initialized.
[2017.11.18-21.31.32:968][  0]LogDerivedDataCache: Saved boot cache 0.63s 105MB C:/Users/Elliot Hawkins/AppData/Local/UnrealEngine/4.17/DerivedDataCache/Boot.ddc.
[2017.11.18-21.31.32:988][  0]LogInit: Texture streaming: Enabled
[2017.11.18-21.31.33:097][  0]LogEngineSessionManager: EngineSessionManager initialized
[2017.11.18-21.31.33:309][  0]LogInit: Transaction tracking system initialized
[2017.11.18-21.31.33:614][  0]BlueprintLog: New page: Editor Load
[2017.11.18-21.31.34:529][  0]LocalizationService: Localization service is disabled
[2017.11.18-21.31.35:231][  0]LogConsoleResponse: Display: 
[2017.11.18-21.31.35:499][  0]LogCook: Display: Max memory allowance for cook 16384mb min free memory 0mb
[2017.11.18-21.31.35:499][  0]LogCook: Display: Mobile HDR setting 1
[2017.11.18-21.31.35:499][  0]LogGameplayTags: Display: UGameplayTagsManager::DoneAddingNativeTags. DelegateIsBound: 0
[2017.11.18-21.31.36:510][  0]LogFileCache: Scanning file cache for directory 'C:/Users/Elliot Hawkins/Documents/Unreal Projects/TrafficSim/artsrc/models/vegetation_pack/Content/' took 0.01s
[2017.11.18-21.31.36:557][  0]SourceControl: Source control is disabled
[2017.11.18-21.31.36:558][  0]Cmd: MAP LOAD FILE="../../../../../../Users/Elliot Hawkins/Documents/Unreal Projects/TrafficSim/artsrc/models/vegetation_pack/Content/Maps/screenshot_map.umap" TEMPLATE=0 SHOWPROGRESS=1 FEATURELEVEL=3
[2017.11.18-21.31.36:558][  0]LightingResults: New page: Lighting Build
[2017.11.18-21.31.36:601][  0]MapCheck: New page: Map Check
[2017.11.18-21.31.36:601][  0]LightingResults: New page: Lighting Build
[2017.11.18-21.31.37:258][  0]LogActorComponent: UnregisterComponent: (/Game/Maps/screenshot_map.screenshot_map:PersistentLevel.InstancedFoliageActor_1.FoliageInstancedStaticMeshComponent_0) Not registered. Aborting.
[2017.11.18-21.31.37:271][  0]LogActorComponent: UnregisterComponent: (/Game/Maps/screenshot_map.screenshot_map:PersistentLevel.InstancedFoliageActor_1.FoliageInstancedStaticMeshComponent_1) Not registered. Aborting.
[2017.11.18-21.31.37:284][  0]LogActorComponent: UnregisterComponent: (/Game/Maps/screenshot_map.screenshot_map:PersistentLevel.InstancedFoliageActor_1.FoliageInstancedStaticMeshComponent_2) Not registered. Aborting.
[2017.11.18-21.31.37:297][  0]LogActorComponent: UnregisterComponent: (/Game/Maps/screenshot_map.screenshot_map:PersistentLevel.InstancedFoliageActor_1.FoliageInstancedStaticMeshComponent_3) Not registered. Aborting.
[2017.11.18-21.31.37:308][  0]LogActorComponent: UnregisterComponent: (/Game/Maps/screenshot_map.screenshot_map:PersistentLevel.InstancedFoliageActor_1.FoliageInstancedStaticMeshComponent_4) Not registered. Aborting.
[2017.11.18-21.31.37:322][  0]LogActorComponent: UnregisterComponent: (/Game/Maps/screenshot_map.screenshot_map:PersistentLevel.InstancedFoliageActor_1.FoliageInstancedStaticMeshComponent_5) Not registered. Aborting.
[2017.11.18-21.31.37:332][  0]LogActorComponent: UnregisterComponent: (/Game/Maps/screenshot_map.screenshot_map:PersistentLevel.InstancedFoliageActor_1.FoliageInstancedStaticMeshComponent_6) Not registered. Aborting.
[2017.11.18-21.31.37:332][  0]LogActorComponent: UnregisterComponent: (/Game/Maps/screenshot_map.screenshot_map:PersistentLevel.InstancedFoliageActor_1.FoliageInstancedStaticMeshComponent_7) Not registered. Aborting.
[2017.11.18-21.31.37:333][  0]LogActorComponent: UnregisterComponent: (/Game/Maps/screenshot_map.screenshot_map:PersistentLevel.InstancedFoliageActor_1.FoliageInstancedStaticMeshComponent_8) Not registered. Aborting.
[2017.11.18-21.31.37:333][  0]LogActorComponent: UnregisterComponent: (/Game/Maps/screenshot_map.screenshot_map:PersistentLevel.InstancedFoliageActor_1.FoliageInstancedStaticMeshComponent_9) Not registered. Aborting.
[2017.11.18-21.31.37:333][  0]LogActorComponent: UnregisterComponent: (/Game/Maps/screenshot_map.screenshot_map:PersistentLevel.InstancedFoliageActor_1.FoliageInstancedStaticMeshComponent_10) Not registered. Aborting.
[2017.11.18-21.31.37:333][  0]LogActorComponent: UnregisterComponent: (/Game/Maps/screenshot_map.screenshot_map:PersistentLevel.InstancedFoliageActor_1.FoliageInstancedStaticMeshComponent_11) Not registered. Aborting.
[2017.11.18-21.31.37:376][  0]LogAIModule: Creating AISystem for world screenshot_map
[2017.11.18-21.31.37:377][  0]LogActorComponent: RegisterComponentWithWorld: (/Game/Maps/screenshot_map.screenshot_map:PersistentLevel.WorldSettings_1.StaticMeshComponent0) Trying to register component with IsPendingKill() == true. Aborting.
[2017.11.18-21.31.37:394][  0]LogEditorServer: Finished looking for orphan Actors (0.000 secs)
[2017.11.18-21.31.37:421][  0]Cmd: MAP CHECKDEP NOCLEARLOG
[2017.11.18-21.31.37:475][  0]MapCheck: Map check complete: 0 Error(s), 0 Warning(s), took 53.016ms to complete.
[2017.11.18-21.31.37:475][  0]LogFileHelpers: Loading map 'screenshot_map' took 0.917
[2017.11.18-21.31.37:609][  0]LogCollectionManager: Loaded 0 collections in 0.002047 seconds
[2017.11.18-21.31.37:688][  0]LogFileCache: Scanning file cache for directory 'C:/Users/Elliot Hawkins/Documents/Unreal Projects/TrafficSim/artsrc/models/vegetation_pack/Saved/Collections/' took 0.01s
[2017.11.18-21.31.37:688][  0]LogFileCache: Scanning file cache for directory 'C:/Users/Elliot Hawkins/Documents/Unreal Projects/TrafficSim/artsrc/models/vegetation_pack/Content/Developers/ElliotHawkins/Collections/' took 0.01s
[2017.11.18-21.31.37:688][  0]LogFileCache: Scanning file cache for directory 'C:/Users/Elliot Hawkins/Documents/Unreal Projects/TrafficSim/artsrc/models/vegetation_pack/Content/Collections/' took 0.01s
[2017.11.18-21.31.37:688][  0]LogCollectionManager: Rebuilt the GUID cache for 0 collections in 0.000000 seconds
[2017.11.18-21.31.37:696][  0]LogContentBrowser: Native class hierarchy populated in 0.0086 seconds. Added 2386 classes and 500 folders.
[2017.11.18-21.31.37:763][  0]LogContentBrowser: Native class hierarchy updated for 'WidgetCarousel' in 0.0006 seconds. Added 0 classes and 0 folders.
[2017.11.18-21.31.37:800][  0]LogContentBrowser: Native class hierarchy updated for 'AddContentDialog' in 0.0005 seconds. Added 0 classes and 0 folders.
[2017.11.18-21.31.37:840][  0]LogContentBrowser: Native class hierarchy updated for 'SceneOutliner' in 0.0006 seconds. Added 1 classes and 2 folders.
[2017.11.18-21.31.37:863][  0]LogSlate: Took 0.000181 seconds to synchronously load lazily loaded font '../../../Engine/Content/Slate/Fonts/Roboto-Regular.ttf' (155K)
[2017.11.18-21.31.37:865][  0]LogSlate: Took 0.000294 seconds to synchronously load lazily loaded font '../../../Engine/Content/Slate/Fonts/Roboto-Bold.ttf' (160K)
[2017.11.18-21.31.37:872][  0]LogSlate: Took 0.000207 seconds to synchronously load lazily loaded font '../../../Engine/Content/Editor/Slate/Fonts/FontAwesome.ttf' (139K)
[2017.11.18-21.31.37:988][  0]LogRenderer: Reallocating scene render targets to support 1176x580 Format 10 NumSamples 1 (Frame:1).
[2017.11.18-21.31.38:171][  0]LogContentBrowser: Native class hierarchy updated for 'HierarchicalLODOutliner' in 0.0007 seconds. Added 1 classes and 2 folders.
[2017.11.18-21.31.38:171][  0]LogLoad: (Engine Initialization) Total time: 18.59 seconds
[2017.11.18-21.31.38:171][  0]LogLoad: (Engine Initialization) Total Blueprint compile time: 0.00 seconds
[2017.11.18-21.31.38:171][  0]LogExternalProfiler: No external profilers were discovered.  External profiling features will not be available.
[2017.11.18-21.31.38:513][  0]LogOcInput: OculusInput is initialized
[2017.11.18-21.31.38:541][  0]LogContentStreaming: Texture pool size now 1000 MB
[2017.11.18-21.31.38:579][  0]LogSlate: Took 0.000156 seconds to synchronously load lazily loaded font '../../../Engine/Content/Slate/Fonts/Roboto-Light.ttf' (159K)
[2017.11.18-21.31.38:848][  1]LogAssetRegistry: Asset discovery search completed in 13.4308 seconds
[2017.11.18-21.31.38:851][  1]LogCollectionManager: Rebuilt the object cache for 0 collections in 0.000000 seconds (found 0 objects)
[2017.11.18-21.31.38:851][  1]LogCollectionManager: Fixed up redirectors for 0 collections in 0.000071 seconds (updated 0 objects)
[2017.11.18-21.31.39:513][  3]LogSlate: Took 0.000244 seconds to synchronously load lazily loaded font '../../../Engine/Content/Slate/Fonts/Roboto-Light.ttf' (159K)
[2017.11.18-21.32.04:598][ 13]LogSlate: Took 0.000130 seconds to synchronously load lazily loaded font '../../../Engine/Content/Slate/Fonts/Roboto-Light.ttf' (159K)
[2017.11.18-21.32.18:900][690]AssetTools: New page: Content migration completed successfully!
[2017.11.18-21.32.18:900][690]AssetTools: /Game/Meshes/Bush/SM_bush1
[2017.11.18-21.32.18:901][690]AssetTools: /Game/Material/Child_Material/M_bush_basic_Inst
[2017.11.18-21.32.18:901][690]AssetTools: /Game/Material/Master_Material/M_grass_basic
[2017.11.18-21.32.18:901][690]AssetTools: /Game/Textures/Placeholder/tex_diffuse
[2017.11.18-21.32.18:901][690]AssetTools: /Game/Textures/Trees/tex_leaves_diff
[2017.11.18-21.32.18:901][690]AssetTools: /Game/Meshes/Bush/SM_bush2
[2017.11.18-21.32.18:901][690]AssetTools: /Game/Meshes/Bush/SM_bush3
[2017.11.18-21.32.18:901][690]AssetTools: /Game/Meshes/Bush/SM_bush4
[2017.11.18-21.32.18:901][690]AssetTools: /Game/Meshes/Bush/SM_bush6
[2017.11.18-21.32.18:901][690]AssetTools: /Game/Meshes/Flowers/SM_grass_flower1
[2017.11.18-21.32.18:901][690]AssetTools: /Game/Material/Child_Material/M_flower_basic_red_Inst
[2017.11.18-21.32.18:901][690]AssetTools: /Game/Textures/Grass_Flower/tex_flower_red_diff
[2017.11.18-21.32.18:901][690]AssetTools: /Game/Meshes/Flowers/SM_grass_flower2
[2017.11.18-21.32.18:901][690]AssetTools: /Game/Meshes/Flowers/SM_grass_flower3
[2017.11.18-21.32.18:901][690]AssetTools: /Game/Meshes/Flowers/SM_grass_flower4
[2017.11.18-21.32.18:901][690]AssetTools: /Game/Meshes/Flowers/SM_grass_flower5
[2017.11.18-21.32.18:901][690]AssetTools: /Game/Meshes/Flowers/SM_grass_flower6
[2017.11.18-21.32.18:901][690]AssetTools: /Game/Meshes/Grass/SM_grass1
[2017.11.18-21.32.18:901][690]AssetTools: /Game/Material/Child_Material/M_grass_basic_Inst
[2017.11.18-21.32.18:901][690]AssetTools: /Game/Textures/Grass_Flower/tex_grass_diff
[2017.11.18-21.32.18:901][690]AssetTools: /Game/Meshes/Grass/SM_grass2
[2017.11.18-21.32.18:901][690]AssetTools: /Game/Meshes/Grass/SM_grass3
[2017.11.18-21.32.18:901][690]AssetTools: /Game/Meshes/Grass/SM_grass4
[2017.11.18-21.32.18:901][690]AssetTools: /Game/Meshes/Grass/SM_grass5
[2017.11.18-21.32.18:901][690]AssetTools: /Game/Meshes/Grass/SM_grass6
[2017.11.18-21.32.18:901][690]AssetTools: /Game/Meshes/Trees/SM_tree1
[2017.11.18-21.32.18:901][690]AssetTools: /Game/Material/Child_Material/M_birchbark_Inst
[2017.11.18-21.32.18:901][690]AssetTools: /Game/Material/Master_Material/M_bark
[2017.11.18-21.32.18:901][690]AssetTools: /Game/Textures/Placeholder/tex_normal
[2017.11.18-21.32.18:901][690]AssetTools: /Game/Textures/Trees/tex_birchbark_diff
[2017.11.18-21.32.18:901][690]AssetTools: /Game/Textures/Trees/tex_birchbark_n
[2017.11.18-21.32.18:901][690]AssetTools: /Game/Material/Child_Material/M_tree_basic_Inst
[2017.11.18-21.32.18:901][690]AssetTools: /Game/Material/Master_Material/M_tree_basic
[2017.11.18-21.32.18:902][690]AssetTools: /Game/Meshes/Trees/SM_tree3
[2017.11.18-21.32.18:902][690]AssetTools: /Game/Meshes/Trees/SM_tree4
[2017.11.18-21.32.18:902][690]AssetTools: /Game/Meshes/Trees/SM_tree7
[2017.11.18-21.32.18:902][690]AssetTools: /Game/Meshes/Trees/SM_tree8
[2017.11.18-21.32.18:902][690]AssetTools: /Game/Meshes/grass1
[2017.11.18-21.32.18:902][690]AssetTools: /Game/Meshes/Grass/grass1
[2017.11.18-21.32.18:902][690]AssetTools: /Game/Meshes/grass2
[2017.11.18-21.32.18:902][690]AssetTools: /Game/Meshes/Grass/grass2
[2017.11.18-21.32.18:902][690]AssetTools: /Game/Meshes/tree1
[2017.11.18-21.32.18:902][690]AssetTools: /Game/Meshes/tree3
[2017.11.18-21.32.18:902][690]AssetTools: /Game/Meshes/Trees/SM_tree2
[2017.11.18-21.32.18:902][690]AssetTools: /Game/Meshes/tree5
[2017.11.18-21.32.18:902][690]AssetTools: /Game/Meshes/Bush/SM_bush5
[2017.11.18-21.32.18:902][690]AssetTools: /Game/Meshes/Field/SM_grass_flower_patch1
[2017.11.18-21.32.18:902][690]AssetTools: /Game/Meshes/Field/SM_grass_flower_patch2
[2017.11.18-21.32.18:902][690]AssetTools: /Game/Meshes/Field/SM_grass_flower_patch3
[2017.11.18-21.32.18:902][690]AssetTools: /Game/Meshes/Field/SM_grass_flower_patch4
[2017.11.18-21.32.18:902][690]AssetTools: /Game/Meshes/Field/SM_grass_flower_patch5
[2017.11.18-21.32.18:902][690]AssetTools: /Game/Meshes/Field/SM_grass_flower_patch6
[2017.11.18-21.32.18:902][690]AssetTools: /Game/Meshes/Flowers/grass_flower1
[2017.11.18-21.32.18:902][690]AssetTools: /Game/Meshes/Flowers/grass_flower2
[2017.11.18-21.32.18:902][690]AssetTools: /Game/Meshes/Flowers/grass_flower3
[2017.11.18-21.32.18:902][690]AssetTools: /Game/Meshes/Flowers/grass_flower4
[2017.11.18-21.32.18:902][690]AssetTools: /Game/Meshes/Flowers/grass_flower5
[2017.11.18-21.32.18:902][690]AssetTools: /Game/Meshes/Flowers/grass_flower6
[2017.11.18-21.32.18:902][690]AssetTools: /Game/Meshes/Flowers/SM_grass_patch_flower1
[2017.11.18-21.32.18:902][690]AssetTools: /Game/Meshes/Flowers/SM_grass_patch_flower2
[2017.11.18-21.32.18:902][690]AssetTools: /Game/Meshes/Flowers/SM_grass_patch_flower3
[2017.11.18-21.32.18:902][690]AssetTools: /Game/Meshes/Flowers/SM_grass_patch_flower4
[2017.11.18-21.32.18:903][690]AssetTools: /Game/Meshes/Flowers/SM_grass_patch_flower5
[2017.11.18-21.32.18:903][690]AssetTools: /Game/Meshes/Flowers/SM_grass_patch_flower6
[2017.11.18-21.32.18:903][690]AssetTools: /Game/Meshes/Grass/grass3
[2017.11.18-21.32.18:903][690]AssetTools: /Game/Meshes/Grass/grass4
[2017.11.18-21.32.18:903][690]AssetTools: /Game/Meshes/Grass/grass5
[2017.11.18-21.32.18:903][690]AssetTools: /Game/Meshes/Grass/grass6
[2017.11.18-21.32.18:903][690]AssetTools: /Game/Meshes/Grass/SM_grass_patch1
[2017.11.18-21.32.18:903][690]AssetTools: /Game/Meshes/Grass/SM_grass_patch2
[2017.11.18-21.32.18:903][690]AssetTools: /Game/Meshes/Grass/SM_grass_patch3
[2017.11.18-21.32.18:903][690]AssetTools: /Game/Meshes/Grass/SM_grass_patch4
[2017.11.18-21.32.18:903][690]AssetTools: /Game/Meshes/Grass/SM_grass_patch5
[2017.11.18-21.32.18:903][690]AssetTools: /Game/Meshes/Grass/SM_grass_patch6
[2017.11.18-21.32.18:903][690]AssetTools: /Game/Meshes/Trees/SM_tree10
[2017.11.18-21.32.18:903][690]AssetTools: /Game/Meshes/Trees/SM_tree5
[2017.11.18-21.32.18:903][690]AssetTools: /Game/Meshes/Trees/SM_tree6
[2017.11.18-21.32.18:903][690]AssetTools: /Game/Meshes/Trees/SM_tree9
[2017.11.18-21.32.18:903][690]AssetTools: /Game/Meshes/Trees/tree1
[2017.11.18-21.32.18:903][690]AssetTools: /Game/Meshes/Trees/tree10
[2017.11.18-21.32.18:903][690]AssetTools: /Game/Meshes/Trees/tree2
[2017.11.18-21.32.18:903][690]AssetTools: /Game/Meshes/Trees/tree4
[2017.11.18-21.32.18:903][690]AssetTools: /Game/Meshes/Trees/tree5
[2017.11.18-21.32.18:903][690]AssetTools: /Game/Meshes/Trees/tree6
[2017.11.18-21.32.18:903][690]AssetTools: /Game/Meshes/Trees/tree7
[2017.11.18-21.32.18:903][690]AssetTools: /Game/Meshes/Trees/tree8
[2017.11.18-21.32.18:903][690]AssetTools: /Game/Meshes/Trees/tree9
[2017.11.18-21.43.50:570][317]Cmd: QUIT_EDITOR
[2017.11.18-21.43.50:591][317]LogWindowsTextInputMethodSystem: Display: IME system now deactivated.
[2017.11.18-21.43.50:607][317]LogExit: Preparing to exit.
[2017.11.18-21.43.50:941][317]LogDirectoryWatcher: A directory notification for 'C:/Users/Elliot Hawkins/Documents/Unreal Projects/TrafficSim/artsrc/models/vegetation_pack/Content/' was aborted.
[2017.11.18-21.43.50:978][317]LogExit: Editor shut down
[2017.11.18-21.43.50:982][317]LogExit: Transaction tracking system shut down
[2017.11.18-21.43.51:119][317]LogDirectoryWatcher: A directory notification for '../../../Engine/Content/' was aborted.
[2017.11.18-21.43.51:120][317]LogDirectoryWatcher: A directory notification for '../../../../../../Users/Elliot Hawkins/Documents/Unreal Projects/TrafficSim/artsrc/models/vegetation_pack/Content/' was aborted.
[2017.11.18-21.43.51:120][317]LogDirectoryWatcher: A directory notification for '../../../Engine/Plugins/2D/Paper2D/Content/' was aborted.
[2017.11.18-21.43.51:120][317]LogDirectoryWatcher: A directory notification for '../../../Engine/Plugins/Runtime/Oculus/OculusVR/Content/' was aborted.
[2017.11.18-21.43.51:120][317]LogDirectoryWatcher: A directory notification for '../../../Engine/Plugins/Runtime/Steam/SteamVR/Content/' was aborted.
[2017.11.18-21.43.51:211][317]LogExit: Object subsystem successfully closed.
[2017.11.18-21.43.51:245][317]LogD3D11RHI: Shutdown
[2017.11.18-21.43.51:245][317]LogD3D11RHI: CleanupD3DDevice
[2017.11.18-21.43.51:313][317]LogD3D11RHI: ~FD3D11DynamicRHI
[2017.11.18-21.43.51:344][317]LogModuleManager: Shutting down and abandoning module HierarchicalLODOutliner (530)
[2017.11.18-21.43.51:344][317]LogModuleManager: Shutting down and abandoning module SceneOutliner (528)
[2017.11.18-21.43.51:344][317]LogModuleManager: Shutting down and abandoning module AddContentDialog (526)
[2017.11.18-21.43.51:344][317]LogDirectoryWatcher: A directory notification for 'C:/Program Files/Epic Games/UE_4.17/FeaturePacks/' was aborted.
[2017.11.18-21.43.51:346][317]LogModuleManager: Shutting down and abandoning module WidgetCarousel (525)
[2017.11.18-21.43.51:346][317]LogModuleManager: Shutting down and abandoning module EditorWidgets (522)
[2017.11.18-21.43.51:346][317]LogModuleManager: Shutting down and abandoning module CollectionManager (520)
[2017.11.18-21.43.51:346][317]LogDirectoryWatcher: A directory notification for 'C:/Users/Elliot Hawkins/Documents/Unreal Projects/TrafficSim/artsrc/models/vegetation_pack/Content/Collections/' was aborted.
[2017.11.18-21.43.51:346][317]LogDirectoryWatcher: A directory notification for 'C:/Users/Elliot Hawkins/Documents/Unreal Projects/TrafficSim/artsrc/models/vegetation_pack/Content/Developers/ElliotHawkins/Collections/' was aborted.
[2017.11.18-21.43.51:347][317]LogDirectoryWatcher: A directory notification for 'C:/Users/Elliot Hawkins/Documents/Unreal Projects/TrafficSim/artsrc/models/vegetation_pack/Saved/Collections/' was aborted.
[2017.11.18-21.43.51:347][317]LogModuleManager: Shutting down and abandoning module StatsViewer (518)
[2017.11.18-21.43.51:348][317]LogModuleManager: Shutting down and abandoning module FoliageEdit (516)
[2017.11.18-21.43.51:348][317]LogModuleManager: Shutting down and abandoning module LandscapeEditor (514)
[2017.11.18-21.43.51:348][317]LogModuleManager: Shutting down and abandoning module MeshPaintMode (512)
[2017.11.18-21.43.51:348][317]LogModuleManager: Shutting down and abandoning module SceneDepthPickerMode (510)
[2017.11.18-21.43.51:348][317]LogModuleManager: Shutting down and abandoning module ActorPickerMode (508)
[2017.11.18-21.43.51:348][317]LogModuleManager: Shutting down and abandoning module GeometryMode (506)
[2017.11.18-21.43.51:348][317]LogModuleManager: Shutting down and abandoning module TextureAlignMode (504)
[2017.11.18-21.43.51:348][317]LogModuleManager: Shutting down and abandoning module BspMode (502)
[2017.11.18-21.43.51:348][317]LogModuleManager: Shutting down and abandoning module PIEPreviewDeviceProfileSelector (500)
[2017.11.18-21.43.51:348][317]LogModuleManager: Shutting down and abandoning module HardwareSurvey (498)
[2017.11.18-21.43.51:348][317]LogModuleManager: Shutting down and abandoning module SequenceRecorderSections (496)
[2017.11.18-21.43.51:348][317]LogModuleManager: Shutting down and abandoning module AutomationWorker (494)
[2017.11.18-21.43.51:348][317]LogModuleManager: Shutting down and abandoning module MatineeToLevelSequence (492)
[2017.11.18-21.43.51:348][317]LogModuleManager: Shutting down and abandoning module LevelSequenceEditor (490)
[2017.11.18-21.43.51:348][317]LogModuleManager: Shutting down and abandoning module PlacementMode (489)
[2017.11.18-21.43.51:348][317]LogModuleManager: Shutting down and abandoning module WmfMediaFactory (486)
[2017.11.18-21.43.51:348][317]LogModuleManager: Shutting down and abandoning module WmfMediaEditor (484)
[2017.11.18-21.43.51:348][317]LogModuleManager: Shutting down and abandoning module AvfMediaFactory (482)
[2017.11.18-21.43.51:348][317]LogModuleManager: Shutting down and abandoning module AvfMediaEditor (480)
[2017.11.18-21.43.51:348][317]LogModuleManager: Shutting down and abandoning module AndroidMediaFactory (478)
[2017.11.18-21.43.51:348][317]LogModuleManager: Shutting down and abandoning module Media (477)
[2017.11.18-21.43.51:348][317]LogModuleManager: Shutting down and abandoning module AndroidMediaEditor (474)
[2017.11.18-21.43.51:348][317]LogModuleManager: Shutting down and abandoning module CharacterAI (472)
[2017.11.18-21.43.51:348][317]LogModuleManager: Shutting down and abandoning module AudioCapture (470)
[2017.11.18-21.43.51:348][317]LogModuleManager: Shutting down and abandoning module SequenceRecorder (469)
[2017.11.18-21.43.51:349][317]LogModuleManager: Shutting down and abandoning module SmartSnapping (466)
[2017.11.18-21.43.51:349][317]LogModuleManager: Shutting down and abandoning module SessionServices (464)
[2017.11.18-21.43.51:349][317]LogModuleManager: Shutting down and abandoning module ViewportSnapping (462)
[2017.11.18-21.43.51:349][317]LogModuleManager: Shutting down and abandoning module ViewportInteraction (460)
[2017.11.18-21.43.51:349][317]LogModuleManager: Shutting down and abandoning module ClothPainter (458)
[2017.11.18-21.43.51:349][317]LogModuleManager: Shutting down and abandoning module LogVisualizer (456)
[2017.11.18-21.43.51:349][317]LogModuleManager: Shutting down and abandoning module IntroTutorials (454)
[2017.11.18-21.43.51:349][317]LogModuleManager: Shutting down and abandoning module GameProjectGeneration (453)
[2017.11.18-21.43.51:350][317]LogModuleManager: Shutting down and abandoning module IOSPlatformEditor (450)
[2017.11.18-21.43.51:350][317]LogModuleManager: Shutting down and abandoning module HTML5PlatformEditor (448)
[2017.11.18-21.43.51:350][317]LogModuleManager: Shutting down and abandoning module AndroidPlatformEditor (446)
[2017.11.18-21.43.51:350][317]LogModuleManager: Shutting down and abandoning module AndroidDeviceDetection (445)
[2017.11.18-21.43.52:136][317]LogModuleManager: Shutting down and abandoning module WindowsPlatformEditor (442)
[2017.11.18-21.43.52:136][317]LogModuleManager: Shutting down and abandoning module IOSRuntimeSettings (440)
[2017.11.18-21.43.52:136][317]LogModuleManager: Shutting down and abandoning module AndroidRuntimeSettings (438)
[2017.11.18-21.43.52:136][317]LogModuleManager: Shutting down and abandoning module InputBindingEditor (436)
[2017.11.18-21.43.52:136][317]LogModuleManager: Shutting down and abandoning module MergeActors (434)
[2017.11.18-21.43.52:136][317]LogModuleManager: Shutting down and abandoning module SizeMap (432)
[2017.11.18-21.43.52:136][317]LogModuleManager: Shutting down and abandoning module TreeMap (430)
[2017.11.18-21.43.52:136][317]LogModuleManager: Shutting down and abandoning module ReferenceViewer (428)
[2017.11.18-21.43.52:137][317]LogModuleManager: Shutting down and abandoning module LocalizationDashboard (426)
[2017.11.18-21.43.52:137][317]LogModuleManager: Shutting down and abandoning module LocalizationService (425)
[2017.11.18-21.43.52:137][317]LogModuleManager: Shutting down and abandoning module HardwareTargeting (422)
[2017.11.18-21.43.52:137][317]LogModuleManager: Shutting down and abandoning module DeviceProfileEditor (420)
[2017.11.18-21.43.52:137][317]LogModuleManager: Shutting down and abandoning module UndoHistory (418)
[2017.11.18-21.43.52:137][317]LogModuleManager: Shutting down and abandoning module XmlParser (416)
[2017.11.18-21.43.52:137][317]LogModuleManager: Shutting down and abandoning module Blutility (414)
[2017.11.18-21.43.52:137][317]LogModuleManager: Shutting down and abandoning module ProjectSettingsViewer (412)
[2017.11.18-21.43.52:137][317]LogModuleManager: Shutting down and abandoning module ProjectTargetPlatformEditor (411)
[2017.11.18-21.43.52:137][317]LogModuleManager: Shutting down and abandoning module EditorSettingsViewer (408)
[2017.11.18-21.43.52:137][317]LogModuleManager: Shutting down and abandoning module SettingsEditor (406)
[2017.11.18-21.43.52:137][317]LogModuleManager: Shutting down and abandoning module ProjectLauncher (404)
[2017.11.18-21.43.52:137][317]LogModuleManager: Shutting down and abandoning module SessionFrontend (402)
[2017.11.18-21.43.52:137][317]LogModuleManager: Shutting down and abandoning module ProfilerClient (400)
[2017.11.18-21.43.52:137][317]LogModuleManager: Shutting down and abandoning module DeviceManager (398)
[2017.11.18-21.43.52:137][317]LogModuleManager: Shutting down and abandoning module TargetDeviceServices (397)
[2017.11.18-21.43.52:201][317]LogModuleManager: Shutting down and abandoning module AutomationController (394)
[2017.11.18-21.43.52:201][317]LogModuleManager: Shutting down and abandoning module AutomationWindow (392)
[2017.11.18-21.43.52:201][317]LogModuleManager: Shutting down and abandoning module Layers (390)
[2017.11.18-21.43.52:201][317]LogModuleManager: Shutting down and abandoning module ComponentVisualizers (388)
[2017.11.18-21.43.52:201][317]LogModuleManager: Shutting down and abandoning module DetailCustomizations (386)
[2017.11.18-21.43.52:206][317]LogModuleManager: Shutting down and abandoning module PackagesDialog (384)
[2017.11.18-21.43.52:206][317]LogModuleManager: Shutting down and abandoning module Persona (382)
[2017.11.18-21.43.52:206][317]LogModuleManager: Shutting down and abandoning module AdvancedPreviewScene (381)
[2017.11.18-21.43.52:206][317]LogModuleManager: Shutting down and abandoning module AnimGraph (379)
[2017.11.18-21.43.52:207][317]LogModuleManager: Shutting down and abandoning module Kismet (376)
[2017.11.18-21.43.52:208][317]LogModuleManager: Shutting down and abandoning module ClassViewer (374)
[2017.11.18-21.43.52:208][317]LogModuleManager: Shutting down and abandoning module Toolbox (372)
[2017.11.18-21.43.52:208][317]LogModuleManager: Shutting down and abandoning module ModuleUI (370)
[2017.11.18-21.43.52:208][317]LogModuleManager: Shutting down and abandoning module MovieSceneTools (368)
[2017.11.18-21.43.52:209][317]LogModuleManager: Shutting down and abandoning module OutputLog (366)
[2017.11.18-21.43.52:209][317]LogModuleManager: Shutting down and abandoning module GammaUI (364)
[2017.11.18-21.43.52:209][317]LogModuleManager: Shutting down and abandoning module Documentation (362)
[2017.11.18-21.43.52:209][317]LogModuleManager: Shutting down and abandoning module MovieSceneTracks (360)
[2017.11.18-21.43.52:209][317]LogModuleManager: Shutting down and abandoning module MovieScene (358)
[2017.11.18-21.43.52:209][317]LogModuleManager: Shutting down and abandoning module Niagara (356)
[2017.11.18-21.43.52:209][317]LogModuleManager: Shutting down and abandoning module NiagaraEditor (355)
[2017.11.18-21.43.52:209][317]LogModuleManager: Shutting down and abandoning module StreamingPauseRendering (352)
[2017.11.18-21.43.52:209][317]LogModuleManager: Shutting down and abandoning module LauncherPlatform (350)
[2017.11.18-21.43.52:209][317]LogModuleManager: Shutting down and abandoning module AnalyticsET (348)
[2017.11.18-21.43.52:209][317]LogModuleManager: Shutting down and abandoning module PortalServices (346)
[2017.11.18-21.43.52:209][317]LogModuleManager: Shutting down and abandoning module PortalRpc (344)
[2017.11.18-21.43.52:209][317]LogModuleManager: Shutting down and abandoning module MessagingRpc (342)
[2017.11.18-21.43.52:209][317]LogModuleManager: Shutting down and abandoning module AIModule (340)
[2017.11.18-21.43.52:209][317]LogModuleManager: Shutting down and abandoning module GameplayDebugger (339)
[2017.11.18-21.43.52:209][317]LogModuleManager: Shutting down and abandoning module AITestSuite (337)
[2017.11.18-21.43.52:209][317]LogModuleManager: Shutting down and abandoning module ProfilerService (334)
[2017.11.18-21.43.52:385][317]LogModuleManager: Shutting down and abandoning module TaskGraph (332)
[2017.11.18-21.43.52:385][317]LogModuleManager: Shutting down and abandoning module SteamVRController (330)
[2017.11.18-21.43.52:385][317]LogModuleManager: Shutting down and abandoning module ProceduralMeshComponentEditor (328)
[2017.11.18-21.43.52:385][317]LogModuleManager: Shutting down and abandoning module ProceduralMeshComponent (326)
[2017.11.18-21.43.52:385][317]LogModuleManager: Shutting down and abandoning module OculusInput (324)
[2017.11.18-21.43.52:385][317]LogModuleManager: Shutting down and abandoning module MobilePatchingUtils (322)
[2017.11.18-21.43.52:385][317]LogModuleManager: Shutting down and abandoning module CustomMeshComponent (320)
[2017.11.18-21.43.52:385][317]LogModuleManager: Shutting down and abandoning module CableComponent (318)
[2017.11.18-21.43.52:385][317]LogModuleManager: Shutting down and abandoning module ArchVisCharacter (316)
[2017.11.18-21.43.52:385][317]LogModuleManager: Shutting down and abandoning module AndroidPermission (314)
[2017.11.18-21.43.52:385][317]LogModuleManager: Shutting down and abandoning module MediaPlayerEditor (310)
[2017.11.18-21.43.52:385][317]LogModuleManager: Shutting down and abandoning module HTML5Networking (308)
[2017.11.18-21.43.52:385][317]LogModuleManager: Shutting down and abandoning module AlembicImporter (306)
[2017.11.18-21.43.52:385][317]LogModuleManager: Shutting down and abandoning module AlembicLibrary (305)
[2017.11.18-21.43.52:385][317]LogModuleManager: Shutting down and abandoning module GeometryCache (304)
[2017.11.18-21.43.52:385][317]LogModuleManager: Shutting down and abandoning module GeometryCacheEd (303)
[2017.11.18-21.43.52:385][317]LogModuleManager: Shutting down and abandoning module SpeedTreeImporter (298)
[2017.11.18-21.43.52:385][317]LogModuleManager: Shutting down and abandoning module PluginBrowser (296)
[2017.11.18-21.43.52:385][317]LogModuleManager: Shutting down and abandoning module MobileLauncherProfileWizard (294)
[2017.11.18-21.43.52:385][317]LogModuleManager: Shutting down and abandoning module VisualStudioSourceCodeAccess (292)
[2017.11.18-21.43.52:385][317]LogModuleManager: Shutting down and abandoning module DesktopPlatform (291)
[2017.11.18-21.43.52:390][317]LogModuleManager: Shutting down and abandoning module UObjectPlugin (288)
[2017.11.18-21.43.52:390][317]LogModuleManager: Shutting down and abandoning module SubversionSourceControl (286)
[2017.11.18-21.43.52:390][317]LogModuleManager: Shutting down and abandoning module PerforceSourceControl (284)
[2017.11.18-21.43.52:390][317]LogModuleManager: Shutting down and abandoning module GitSourceControl (282)
[2017.11.18-21.43.52:390][317]LogModuleManager: Shutting down and abandoning module SourceControl (281)
[2017.11.18-21.43.52:391][317]LogModuleManager: Shutting down and abandoning module LightPropagationVolumeEditor (278)
[2017.11.18-21.43.52:391][317]LogModuleManager: Shutting down and abandoning module PaperTiledImporter (276)
[2017.11.18-21.43.52:391][317]LogModuleManager: Shutting down and abandoning module PaperSpriteSheetImporter (274)
[2017.11.18-21.43.52:391][317]LogModuleManager: Shutting down and abandoning module Paper2DEditor (272)
[2017.11.18-21.43.52:391][317]LogModuleManager: Shutting down and abandoning module MeshPaint (271)
[2017.11.18-21.43.52:391][317]LogModuleManager: Shutting down and abandoning module LevelEditor (269)
[2017.11.18-21.43.52:393][317]LogModuleManager: Shutting down and abandoning module PixelInspectorModule (268)
[2017.11.18-21.43.52:393][317]LogModuleManager: Shutting down and abandoning module MainFrame (266)
[2017.11.18-21.43.52:393][317]LogModuleManager: Shutting down and abandoning module HotReload (265)
[2017.11.18-21.43.52:393][317]LogModuleManager: Shutting down and abandoning module RuntimePhysXCooking (260)
[2017.11.18-21.43.52:393][317]LogModuleManager: Shutting down and abandoning module PhysXVehiclesEditor (258)
[2017.11.18-21.43.52:393][317]LogModuleManager: Shutting down and abandoning module PhysXVehicles (256)
[2017.11.18-21.43.52:393][317]LogModuleManager: Shutting down and abandoning module OculusEditor (254)
[2017.11.18-21.43.52:393][317]LogModuleManager: Shutting down and abandoning module LocationServicesBPLibrary (252)
[2017.11.18-21.43.52:393][317]LogModuleManager: Shutting down and abandoning module ImmediatePhysicsEditor (250)
[2017.11.18-21.43.52:393][317]LogModuleManager: Shutting down and abandoning module ImmediatePhysics (248)
[2017.11.18-21.43.52:393][317]LogModuleManager: Shutting down and abandoning module UdpMessaging (246)
[2017.11.18-21.43.52:494][317]LogModuleManager: Shutting down and abandoning module TcpMessaging (244)
[2017.11.18-21.43.52:595][317]LogModuleManager: Shutting down and abandoning module GameplayTagsEditor (242)
[2017.11.18-21.43.52:595][317]LogModuleManager: Shutting down and abandoning module FacialAnimationEditor (240)
[2017.11.18-21.43.52:595][317]LogModuleManager: Shutting down and abandoning module FacialAnimation (238)
[2017.11.18-21.43.52:595][317]LogModuleManager: Shutting down and abandoning module AssetManagerEditor (236)
[2017.11.18-21.43.52:595][317]LogModuleManager: Shutting down and abandoning module GraphEditor (235)
[2017.11.18-21.43.52:595][317]LogModuleManager: Shutting down and abandoning module ContentBrowser (233)
[2017.11.18-21.43.52:596][317]LogModuleManager: Shutting down and abandoning module LightPropagationVolumeRuntime (230)
[2017.11.18-21.43.52:596][317]LogModuleManager: Shutting down and abandoning module Paper2D (228)
[2017.11.18-21.43.52:596][317]LogModuleManager: Shutting down and abandoning module WindowsMoviePlayer (226)
[2017.11.18-21.43.52:596][317]LogModuleManager: Shutting down and abandoning module WmfMedia (224)
[2017.11.18-21.43.52:596][317]LogModuleManager: Shutting down and abandoning module PacketHandler (222)
[2017.11.18-21.43.52:596][317]LogModuleManager: Shutting down and abandoning module ClothingSystemEditor (220)
[2017.11.18-21.43.52:596][317]LogModuleManager: Shutting down and abandoning module ClothingSystemRuntime (218)
[2017.11.18-21.43.52:596][317]LogModuleManager: Shutting down and abandoning module Overlay (216)
[2017.11.18-21.43.52:596][317]LogModuleManager: Shutting down and abandoning module OverlayEditor (215)
[2017.11.18-21.43.52:596][317]LogModuleManager: Shutting down and abandoning module MediaAssets (212)
[2017.11.18-21.43.52:596][317]LogModuleManager: Shutting down and abandoning module VREditor (210)
[2017.11.18-21.43.52:596][317]LogModuleManager: Shutting down and abandoning module StringTableEditor (208)
[2017.11.18-21.43.52:597][317]LogModuleManager: Shutting down and abandoning module GameplayTasksEditor (206)
[2017.11.18-21.43.52:597][317]LogModuleManager: Shutting down and abandoning module BehaviorTreeEditor (204)
[2017.11.18-21.43.52:599][317]LogModuleManager: Shutting down and abandoning module FunctionalTesting (202)
[2017.11.18-21.43.52:599][317]LogModuleManager: Shutting down and abandoning module CollisionAnalyzer (200)
[2017.11.18-21.43.52:600][317]LogModuleManager: Shutting down and abandoning module WorkspaceMenuStructure (199)
[2017.11.18-21.43.52:600][317]LogModuleManager: Shutting down and abandoning module UMG (196)
[2017.11.18-21.43.52:600][317]LogModuleManager: Shutting down and abandoning module UMGEditor (195)
[2017.11.18-21.43.52:601][317]LogModuleManager: Shutting down and abandoning module Sequencer (194)
[2017.11.18-21.43.52:602][317]LogModuleManager: Shutting down and abandoning module MessageLog (191)
[2017.11.18-21.43.52:602][317]LogModuleManager: Shutting down and abandoning module SlateReflector (186)
[2017.11.18-21.43.52:604][317]LogModuleManager: Shutting down and abandoning module Slate (184)
[2017.11.18-21.43.52:604][317]LogModuleManager: Shutting down and abandoning module EditorStyle (182)
[2017.11.18-21.43.52:606][317]LogModuleManager: Shutting down and abandoning module MRMesh (180)
[2017.11.18-21.43.52:607][317]LogModuleManager: Shutting down and abandoning module SourceCodeAccess (178)
[2017.11.18-21.43.52:607][317]LogModuleManager: Shutting down and abandoning module HeadMountedDisplay (176)
[2017.11.18-21.43.52:607][317]LogModuleManager: Shutting down and abandoning module XAudio2 (174)
[2017.11.18-21.43.52:607][317]LogModuleManager: Shutting down and abandoning module Networking (172)
[2017.11.18-21.43.52:607][317]LogModuleManager: Shutting down and abandoning module Core (168)
[2017.11.18-21.43.52:607][317]LogModuleManager: Shutting down and abandoning module KismetCompiler (164)
[2017.11.18-21.43.52:607][317]LogModuleManager: Shutting down and abandoning module LevelSequence (162)
[2017.11.18-21.43.52:607][317]LogModuleManager: Shutting down and abandoning module MeshUtilities (160)
[2017.11.18-21.43.52:607][317]LogModuleManager: Shutting down and abandoning module MeshMergeUtilities (159)
[2017.11.18-21.43.52:608][317]LogModuleManager: Shutting down and abandoning module MeshReductionInterface (158)
[2017.11.18-21.43.52:608][317]LogModuleManager: Shutting down and abandoning module SimplygonSwarm (157)
[2017.11.18-21.43.52:608][317]LogModuleManager: Shutting down and abandoning module SimplygonMeshReduction (155)
[2017.11.18-21.43.52:608][317]LogModuleManager: Shutting down and abandoning module QuadricMeshReduction (153)
[2017.11.18-21.43.52:608][317]LogModuleManager: Shutting down and abandoning module MaterialBaking (149)
[2017.11.18-21.43.52:609][317]LogModuleManager: Shutting down and abandoning module DirectoryWatcher (146)
[2017.11.18-21.43.52:609][317]LogModuleManager: Shutting down and abandoning module DerivedDataCache (144)
[2017.11.18-21.43.52:709][317]LogDerivedDataCache: Shutdown
[2017.11.18-21.43.52:709][317]LogModuleManager: Shutting down and abandoning module TargetPlatform (142)
[2017.11.18-21.43.52:709][317]LogModuleManager: Shutting down and abandoning module VulkanShaderFormat (141)
[2017.11.18-21.43.52:710][317]LogModuleManager: Shutting down and abandoning module ShaderFormatVectorVM (139)
[2017.11.18-21.43.52:711][317]LogModuleManager: Shutting down and abandoning module ShaderFormatOpenGL (137)
[2017.11.18-21.43.52:711][317]LogModuleManager: Shutting down and abandoning module ShaderFormatD3D (135)
[2017.11.18-21.43.52:711][317]LogModuleManager: Shutting down and abandoning module MetalShaderFormat (133)
[2017.11.18-21.43.52:712][317]LogModuleManager: Shutting down and abandoning module TextureFormatUncompressed (131)
[2017.11.18-21.43.52:712][317]LogModuleManager: Shutting down and abandoning module TextureFormatPVR (129)
[2017.11.18-21.43.52:712][317]LogModuleManager: Shutting down and abandoning module TextureFormatDXT (127)
[2017.11.18-21.43.52:712][317]LogModuleManager: Shutting down and abandoning module TextureFormatIntelISPCTexComp (125)
[2017.11.18-21.43.52:712][317]LogModuleManager: Shutting down and abandoning module TextureFormatASTC (123)
[2017.11.18-21.43.52:712][317]LogModuleManager: Shutting down and abandoning module ImageWrapper (122)
[2017.11.18-21.43.52:712][317]LogModuleManager: Shutting down and abandoning module TextureFormatAndroid (119)
[2017.11.18-21.43.52:712][317]LogModuleManager: Shutting down and abandoning module AudioFormatOpus (117)
[2017.11.18-21.43.52:712][317]LogModuleManager: Shutting down and abandoning module AudioFormatOgg (115)
[2017.11.18-21.43.52:712][317]LogModuleManager: Shutting down and abandoning module AudioFormatADPCM (113)
[2017.11.18-21.43.52:712][317]LogModuleManager: Shutting down and abandoning module LinuxTargetPlatform (111)
[2017.11.18-21.43.52:712][317]LogModuleManager: Shutting down and abandoning module LinuxServerTargetPlatform (109)
[2017.11.18-21.43.52:712][317]LogModuleManager: Shutting down and abandoning module LinuxNoEditorTargetPlatform (107)
[2017.11.18-21.43.52:712][317]LogModuleManager: Shutting down and abandoning module LinuxClientTargetPlatform (105)
[2017.11.18-21.43.52:712][317]LogModuleManager: Shutting down and abandoning module TVOSTargetPlatform (103)
[2017.11.18-21.43.52:712][317]LogModuleManager: Shutting down and abandoning module Messaging (101)
[2017.11.18-21.43.52:712][317]LogModuleManager: Shutting down and abandoning module IOSTargetPlatform (99)
[2017.11.18-21.43.52:712][317]LogModuleManager: Shutting down and abandoning module HTML5TargetPlatform (97)
[2017.11.18-21.43.52:712][317]LogModuleManager: Shutting down and abandoning module Android_PVRTCTargetPlatform (95)
[2017.11.18-21.43.52:712][317]LogModuleManager: Shutting down and abandoning module Android_MultiTargetPlatform (93)
[2017.11.18-21.43.52:712][317]LogModuleManager: Shutting down and abandoning module Android_ETC2TargetPlatform (91)
[2017.11.18-21.43.52:712][317]LogModuleManager: Shutting down and abandoning module Android_ETC1TargetPlatform (89)
[2017.11.18-21.43.52:712][317]LogModuleManager: Shutting down and abandoning module Android_DXTTargetPlatform (87)
[2017.11.18-21.43.52:712][317]LogModuleManager: Shutting down and abandoning module Android_ATCTargetPlatform (85)
[2017.11.18-21.43.52:712][317]LogModuleManager: Shutting down and abandoning module Android_ASTCTargetPlatform (83)
[2017.11.18-21.43.52:712][317]LogModuleManager: Shutting down and abandoning module AndroidTargetPlatform (81)
[2017.11.18-21.43.52:712][317]LogModuleManager: Shutting down and abandoning module WindowsTargetPlatform (79)
[2017.11.18-21.43.52:712][317]LogModuleManager: Shutting down and abandoning module WindowsServerTargetPlatform (77)
[2017.11.18-21.43.52:712][317]LogModuleManager: Shutting down and abandoning module WindowsNoEditorTargetPlatform (75)
[2017.11.18-21.43.52:712][317]LogModuleManager: Shutting down and abandoning module WindowsClientTargetPlatform (73)
[2017.11.18-21.43.52:712][317]LogModuleManager: Shutting down and abandoning module MacTargetPlatform (71)
[2017.11.18-21.43.52:712][317]LogModuleManager: Shutting down and abandoning module MacServerTargetPlatform (69)
[2017.11.18-21.43.52:712][317]LogModuleManager: Shutting down and abandoning module MacNoEditorTargetPlatform (67)
[2017.11.18-21.43.52:712][317]LogModuleManager: Shutting down and abandoning module MacClientTargetPlatform (65)
[2017.11.18-21.43.52:712][317]LogModuleManager: Shutting down and abandoning module AllDesktopTargetPlatform (63)
[2017.11.18-21.43.52:712][317]LogModuleManager: Shutting down and abandoning module InputCore (60)
[2017.11.18-21.43.52:712][317]LogModuleManager: Shutting down and abandoning module Settings (58)
[2017.11.18-21.43.52:713][317]LogModuleManager: Shutting down and abandoning module PhysXCooking (56)
[2017.11.18-21.43.52:713][317]LogModuleManager: Shutting down and abandoning module SteamVR (54)
[2017.11.18-21.43.52:713][317]LogModuleManager: Shutting down and abandoning module OculusHMD (52)
[2017.11.18-21.43.52:713][317]LogModuleManager: Shutting down and abandoning module ExampleDeviceProfileSelector (50)
[2017.11.18-21.43.52:713][317]LogModuleManager: Shutting down and abandoning module OnlineBlueprintSupport (48)
[2017.11.18-21.43.52:713][317]LogModuleManager: Shutting down and abandoning module OnlineSubsystem (44)
[2017.11.18-21.43.52:713][317]LogOnline: Display: Unloading online subsystem: NULL
[2017.11.18-21.43.52:713][317]LogModuleManager: Shutting down and abandoning module XMPP (43)
[2017.11.18-21.43.52:714][317]LogModuleManager: Shutting down and abandoning module HTTP (41)
[2017.11.18-21.43.52:714][317]LogHttp: Display: Http module shutting down, but needs to wait on 1 outstanding Http requests:
[2017.11.18-21.43.52:714][317]LogHttp: Display: 	verb=[POST] url=[https://datarouter.ol.epicgames.com/datarouter/api/v1/public/data?SessionID=%7B7FC9B442-4F9A-5891-E809-49A272003117%7D&AppID=UEEditor.Rocket.Release&AppVersion=4.17.2-3658906%2B%2B%2BUE4%2BRelease-4.17&UserID=30e9de994e487edcaf94e2900a0bd40f%7C13e6888e607d44f5890fd192e589640c%7Ce6adc7e0-21d4-402b-b84d-8d970e7878d9&AppEnvironment=datacollector-binary&UploadType=eteventstream] status=Processing
[2017.11.18-21.43.52:719][317]LogModuleManager: Shutting down and abandoning module SSL (40)
[2017.11.18-21.43.52:721][317]LogModuleManager: Shutting down and abandoning module AnimationModifiers (36)
[2017.11.18-21.43.52:722][317]LogModuleManager: Shutting down and abandoning module PropertyEditor (35)
[2017.11.18-21.43.52:722][317]LogModuleManager: Shutting down and abandoning module AudioEditor (32)
[2017.11.18-21.43.52:724][317]LogModuleManager: Shutting down and abandoning module TextureCompressor (30)
[2017.11.18-21.43.52:724][317]LogModuleManager: Shutting down and abandoning module ShaderCore (28)
[2017.11.18-21.43.52:724][317]LogModuleManager: Shutting down and abandoning module Landscape (26)
[2017.11.18-21.43.52:724][317]LogModuleManager: Shutting down and abandoning module SlateRHIRenderer (24)
[2017.11.18-21.43.52:726][317]LogModuleManager: Shutting down and abandoning module OpenGLDrv (22)
[2017.11.18-21.43.52:726][317]LogModuleManager: Shutting down and abandoning module D3D11RHI (20)
[2017.11.18-21.43.52:726][317]LogModuleManager: Shutting down and abandoning module AnimGraphRuntime (18)
[2017.11.18-21.43.52:727][317]LogModuleManager: Shutting down and abandoning module Renderer (16)
[2017.11.18-21.43.52:727][317]LogModuleManager: Shutting down and abandoning module Engine (14)
[2017.11.18-21.43.52:727][317]LogModuleManager: Shutting down and abandoning module CoreUObject (12)
[2017.11.18-21.43.52:727][317]LogModuleManager: Shutting down and abandoning module NetworkFile (10)
[2017.11.18-21.43.52:727][317]LogModuleManager: Shutting down and abandoning module CookedIterativeFile (8)
[2017.11.18-21.43.52:727][317]LogModuleManager: Shutting down and abandoning module StreamingFile (6)
[2017.11.18-21.43.52:727][317]LogModuleManager: Shutting down and abandoning module SandboxFile (4)
[2017.11.18-21.43.52:727][317]LogModuleManager: Shutting down and abandoning module PakFile (2)
[2017.11.18-21.43.52:730][317]LogExit: Exiting.
[2017.11.18-21.43.52:745][317]Log file closed, 11/18/17 13:43:52
